<?xml version="1.0" encoding="UTF-8"?>
<!-- Generated by org.testng.reporters.JUnitReportReporter -->
<testsuite hostname="Vivian" failures="0" tests="1" name="crm.qa.testcases.LoginPageTC" time="31.255" errors="0" timestamp="2022-10-24T15:53:33 IST" skipped="0">
  <testcase classname="crm.qa.testcases.LoginPageTC" name="validateLogin" time="31.255"/>
  <system-out/>
</testsuite> <!-- crm.qa.testcases.LoginPageTC -->
