<?xml version="1.0" encoding="UTF-8"?>
<!-- Generated by org.testng.reporters.JUnitReportReporter -->
<testsuite hostname="Vivian" failures="0" tests="2" name="crm.qa.testcases.HomePageTC" time="83.722" errors="0" timestamp="2022-10-24T15:53:33 IST" skipped="0">
  <testcase classname="crm.qa.testcases.HomePageTC" name="testlogout" time="51.434"/>
  <system-out/>
  <testcase classname="crm.qa.testcases.HomePageTC" name="createcontact" time="32.288"/>
  <system-out/>
</testsuite> <!-- crm.qa.testcases.HomePageTC -->
